[INFO] Namespace(batchsize=1, inputs_shape=None, layout='NHWC', model_files=['./build/quantize/quantize_eval_model.pb'], model_type='tensorflow', named_inputs_shape=None, out_filename='/tmp/cnn_org.xmodel', proto=None)
[INFO] tensorflow model: /workspace/proj/cnn/build/quantize/quantize_eval_model.pb
[INFO] parse raw model     :  0%|          | 0/23 [00:00<?, ?it/s]                           [INFO] parse raw model     :100%|██████████| 23/23 [00:00<00:00, 23673.37it/s]               
[INFO] infer shape (NHWC)  :  0%|          | 0/26 [00:00<?, ?it/s]                           [INFO] infer shape (NHWC)  :100%|██████████| 26/26 [00:00<00:00, 9826.27it/s]                
[INFO] perform level-0 opt :  0%|          | 0/3 [00:00<?, ?it/s]                            [INFO] perform level-0 opt :100%|██████████| 3/3 [00:00<00:00, 2026.23it/s]                  
[INFO] perform level-1 opt :  0%|          | 0/6 [00:00<?, ?it/s]                            [INFO] perform level-1 opt :100%|██████████| 6/6 [00:00<00:00, 1857.39it/s]                  
[INFO] generate xmodel     :  0%|          | 0/23 [00:00<?, ?it/s]                           [INFO] generate xmodel     :100%|██████████| 23/23 [00:00<00:00, 10027.96it/s]               
[INFO] dump xmodel ...[INFO] dump xmodel: /tmp/cnn_org.xmodel
[UNILOG][INFO] Target architecture: DPUCZDX8G_ISA0_B4096_MAX_BG2
[UNILOG][INFO] Compile mode: dpu
[UNILOG][INFO] Debug mode: function
[UNILOG][INFO] Target architecture: DPUCZDX8G_ISA0_B4096_MAX_BG2
[UNILOG][INFO] Graph name: quantize_eval_model, with op num: 37
[UNILOG][INFO] Begin to compile...
[UNILOG][INFO] Total device subgraph number 3, DPU subgraph number 1
[UNILOG][INFO] Compile done.
[UNILOG][INFO] The meta json is saved to "/workspace/proj/cnn/./build/compile/meta.json"
[UNILOG][INFO] The compiled xmodel is saved to "/workspace/proj/cnn/./build/compile//cnn.xmodel"
[UNILOG][INFO] The compiled xmodel's md5sum is 392c35d091fdc993d53c0516d12da254, and has been saved to "/workspace/proj/cnn/./build/compile/md5sum.txt"
**************************************************
* VITIS_AI Compilation - Xilinx Inc.
**************************************************
